<?xml version="1.0" encoding="UTF-8"?>
<!-- Generated by org.testng.reporters.JUnitXMLReporter -->
<testsuite hostname="AMIYOABHIRUP" name="Default test" tests="5" failures="0" timestamp="1 Nov 2016 11:40:20 GMT" time="53.919" errors="0">
  <testcase name="ver_title" time="0.068" classname="base_class.Dynamic_browser"/>
  <testcase name="Registration" time="32.434" classname="base_class.Dynamic_browser"/>
  <testcase name="Login" time="1.625" classname="base_class.Dynamic_browser"/>
  <testcase name="Index_Assignment1_count_no_of_box" time="0.065" classname="base_class.Dynamic_browser"/>
  <testcase name="Index_Assignment2" time="8.923" classname="base_class.Dynamic_browser"/>
</testsuite> <!-- Default test -->
