<?xml version="1.0" encoding="UTF-8"?>
<!-- Generated by org.testng.reporters.JUnitXMLReporter -->
<testsuite hostname="AMIYOABHIRUP" name="Test" tests="1" failures="0" timestamp="31 Oct 2016 17:51:00 GMT" time="63.949" errors="0">
  <testcase name="@BeforeTest Get_title" time="0.0" classname="base_class.Test_Hierarchy">
    <failure type="junit.framework.ComparisonFailure" message="expected:&amp;lt;[Welcome]&amp;gt; but was:&amp;lt;[actual]&amp;gt;">
      <![CDATA[junit.framework.ComparisonFailure: expected:<[Welcome]> but was:<[actual]>
	at junit.framework.Assert.assertEquals(Assert.java:85)
	at junit.framework.Assert.assertEquals(Assert.java:91)
	at com.learnselenium.testcases.verify_title.title(verify_title.java:11)
	at base_class.Test_Hierarchy.Get_title(Test_Hierarchy.java:13)
... Removed 22 stack frames]]>
    </failure>
  </testcase> <!-- @BeforeTest Get_title -->
  <testcase name="print" time="0.003" classname="base_class.Test_Hierarchy">
    <skipped/>
  </testcase> <!-- print -->
</testsuite> <!-- Test -->
